<?xml version="1.0" encoding="utf-8" standalone="no"?>
<test-run id="0" runstate="Runnable" testcasecount="2" result="Passed" total="1" passed="1" failed="0" inconclusive="0" skipped="0" asserts="0" engine-version="3.11.1.0" clr-version="4.0.30319.42000" start-time="2020-08-03 23:28:58Z" end-time="2020-08-03 23:29:02Z" duration="3.791775">
  <command-line><![CDATA[NunitConsole\nunit3-console.exe  --testparam:text="número: {0}</br>nome: {1}</br>posição 3: {2}</br>posição 4: {3}</br>posição 5: {4}</br>posição 6: {5}</br>posição 7: {6}" --where cat="SendViaExcel"  whamess\bin\Debug\whamess.dll]]></command-line>
  <filter>
    <cat>SendViaExcel</cat>
  </filter>
  <test-suite type="Assembly" id="0-1003" name="whamess.dll" fullname="C:\samuel\whamess\whamess\bin\Debug\whamess.dll" runstate="Runnable" testcasecount="2" result="Passed" start-time="2020-08-03 23:28:59Z" end-time="2020-08-03 23:29:02Z" duration="2.994476" total="1" passed="1" failed="0" warnings="0" inconclusive="0" skipped="0" asserts="0">
    <environment framework-version="3.12.0.0" clr-version="4.0.30319.42000" os-version="Microsoft Windows NT 6.1.7601.65536" platform="Win32NT" cwd="C:\samuel\whamess" machine-name="48594789-PC" user="SYSTEM" user-domain="WORKGROUP" culture="pt-BR" uiculture="en-US" os-architecture="x86" />
    <settings>
      <setting name="DisposeRunners" value="True" />
      <setting name="WorkDirectory" value="C:\samuel\whamess" />
      <setting name="TestParametersDictionary" value="[text, número: {0}&lt;/br&gt;nome: {1}&lt;/br&gt;posição 3: {2}&lt;/br&gt;posição 4: {3}&lt;/br&gt;posição 5: {4}&lt;/br&gt;posição 6: {5}&lt;/br&gt;posição 7: {6}]">
        <item key="text" value="número: {0}&lt;/br&gt;nome: {1}&lt;/br&gt;posição 3: {2}&lt;/br&gt;posição 4: {3}&lt;/br&gt;posição 5: {4}&lt;/br&gt;posição 6: {5}&lt;/br&gt;posição 7: {6}" />
      </setting>
      <setting name="TestParameters" value="text=número: {0}&lt;/br&gt;nome: {1}&lt;/br&gt;posição 3: {2}&lt;/br&gt;posição 4: {3}&lt;/br&gt;posição 5: {4}&lt;/br&gt;posição 6: {5}&lt;/br&gt;posição 7: {6}" />
      <setting name="ImageRuntimeVersion" value="4.0.30319" />
      <setting name="ImageTargetFrameworkName" value=".NETFramework,Version=v4.7.2" />
      <setting name="ImageRequiresX86" value="True" />
      <setting name="RunAsX86" value="True" />
      <setting name="ImageRequiresDefaultAppDomainAssemblyResolver" value="False" />
      <setting name="RuntimeFramework" value="net-4.0" />
      <setting name="NumberOfTestWorkers" value="8" />
    </settings>
    <properties>
      <property name="_PID" value="9296" />
      <property name="_APPDOMAIN" value="domain-" />
    </properties>
    <test-suite type="TestSuite" id="0-1004" name="whamess" fullname="whamess" runstate="Runnable" testcasecount="2" result="Passed" start-time="2020-08-03 23:28:59Z" end-time="2020-08-03 23:29:02Z" duration="2.976555" total="1" passed="1" failed="0" warnings="0" inconclusive="0" skipped="0" asserts="0">
      <properties />
      <test-suite type="TestFixture" id="0-1000" name="SendMessage" fullname="whamess.SendMessage" classname="whamess.SendMessage" runstate="Runnable" testcasecount="2" result="Passed" start-time="2020-08-03 23:28:59Z" end-time="2020-08-03 23:29:02Z" duration="2.970642" total="1" passed="1" failed="0" warnings="0" inconclusive="0" skipped="0" asserts="0">
        <properties />
        <test-case id="0-1002" name="SendViaExcel" fullname="whamess.SendMessage.SendViaExcel" methodname="SendViaExcel" classname="whamess.SendMessage" runstate="Runnable" seed="1613434000" result="Passed" start-time="2020-08-03 23:28:59Z" end-time="2020-08-03 23:29:02Z" duration="2.959907" asserts="0">
          <properties>
            <property name="Category" value="SendViaExcel" />
          </properties>
          <output><![CDATA[Number: 11981568415 Name: Melissa Oliver Var1: 197 Var2: oliversmelissa@hotmail.com Var3: Caneca Mágica Personalizada  - Personalize Sua Caneca Var4: Cancelado Var5: 3 
Number: 11981568415 Name: Claudio Filho Téu Var1: 175 Var2: medeirossclaudio@gmail.com Var3: Caneca Magica  Mapa do Maroto Var4: Pendente Var5: 1 
]]></output>
        </test-case>
      </test-suite>
    </test-suite>
  </test-suite>
</test-run>