<?xml version="1.0" encoding="utf-8" standalone="no"?>
<test-run id="0" runstate="Runnable" testcasecount="2" result="Passed" total="1" passed="1" failed="0" inconclusive="0" skipped="0" asserts="0" engine-version="3.11.1.0" clr-version="4.0.30319.42000" start-time="2020-08-01 05:27:50Z" end-time="2020-08-01 05:27:53Z" duration="3.128975">
  <command-line><![CDATA[NunitConsole\nunit3-console.exe  --testparam:number="5511981568415" --testparam:text="dfgdffd" --where cat="AttachNavRequest" whamess\bin\Debug\whamess.dll]]></command-line>
  <filter>
    <cat>AttachNavRequest</cat>
  </filter>
  <test-suite type="Assembly" id="0-1003" name="whamess.dll" fullname="C:\samuel\whamess\whamess\bin\Debug\whamess.dll" runstate="Runnable" testcasecount="2" result="Passed" start-time="2020-08-01 05:27:51Z" end-time="2020-08-01 05:27:53Z" duration="2.250354" total="1" passed="1" failed="0" warnings="0" inconclusive="0" skipped="0" asserts="0">
    <environment framework-version="3.12.0.0" clr-version="4.0.30319.42000" os-version="Microsoft Windows NT 6.1.7601.65536" platform="Win32NT" cwd="C:\samuel\whamess" machine-name="48594789-PC" user="DefaultAppPool" user-domain="IIS APPPOOL" culture="pt-BR" uiculture="en-US" os-architecture="x64" />
    <settings>
      <setting name="DisposeRunners" value="True" />
      <setting name="WorkDirectory" value="C:\samuel\whamess" />
      <setting name="TestParametersDictionary" value="[number, 5511981568415], [text, dfgdffd]">
        <item key="number" value="5511981568415" />
        <item key="text" value="dfgdffd" />
      </setting>
      <setting name="TestParameters" value="number=5511981568415;text=dfgdffd" />
      <setting name="ImageRuntimeVersion" value="4.0.30319" />
      <setting name="ImageTargetFrameworkName" value=".NETFramework,Version=v4.7.2" />
      <setting name="ImageRequiresX86" value="False" />
      <setting name="ImageRequiresDefaultAppDomainAssemblyResolver" value="False" />
      <setting name="RuntimeFramework" value="net-4.0" />
      <setting name="NumberOfTestWorkers" value="8" />
    </settings>
    <properties>
      <property name="_PID" value="13228" />
      <property name="_APPDOMAIN" value="domain-" />
    </properties>
    <test-suite type="TestSuite" id="0-1004" name="whamess" fullname="whamess" runstate="Runnable" testcasecount="2" result="Passed" start-time="2020-08-01 05:27:51Z" end-time="2020-08-01 05:27:53Z" duration="2.224549" total="1" passed="1" failed="0" warnings="0" inconclusive="0" skipped="0" asserts="0">
      <properties />
      <test-suite type="TestFixture" id="0-1000" name="SendMessage" fullname="whamess.SendMessage" classname="whamess.SendMessage" runstate="Runnable" testcasecount="2" result="Passed" start-time="2020-08-01 05:27:51Z" end-time="2020-08-01 05:27:53Z" duration="2.218313" total="1" passed="1" failed="0" warnings="0" inconclusive="0" skipped="0" asserts="0">
        <properties />
        <test-case id="0-1001" name="AttachNavRequest" fullname="whamess.SendMessage.AttachNavRequest" methodname="AttachNavRequest" classname="whamess.SendMessage" runstate="Runnable" seed="20762396" result="Passed" start-time="2020-08-01 05:27:51Z" end-time="2020-08-01 05:27:53Z" duration="2.202839" asserts="0">
          <properties>
            <property name="Category" value="AttachNavRequest" />
          </properties>
        </test-case>
      </test-suite>
    </test-suite>
  </test-suite>
</test-run>