<?xml version="1.0" encoding="utf-8" standalone="no"?>
<test-run id="0" runstate="Runnable" testcasecount="2" result="Failed" total="1" passed="0" failed="1" inconclusive="0" skipped="0" asserts="0" engine-version="3.11.1.0" clr-version="4.0.30319.42000" start-time="2020-08-01 05:30:46Z" end-time="2020-08-01 05:30:49Z" duration="3.013272">
  <command-line><![CDATA[nunit3-console.exe  --where name=SendViaExcel C:\samuel\whamess\whamess\bin\Debug\whamess.dll]]></command-line>
  <filter>
    <name>SendViaExcel</name>
  </filter>
  <test-suite type="Assembly" id="0-1003" name="whamess.dll" fullname="C:\samuel\whamess\whamess\bin\Debug\whamess.dll" runstate="Runnable" testcasecount="2" result="Failed" site="Child" start-time="2020-08-01 05:30:46Z" end-time="2020-08-01 05:30:49Z" duration="2.147636" total="1" passed="0" failed="1" warnings="0" inconclusive="0" skipped="0" asserts="0">
    <environment framework-version="3.12.0.0" clr-version="4.0.30319.42000" os-version="Microsoft Windows NT 6.1.7601.65536" platform="Win32NT" cwd="C:\samuel\whamess\NunitConsole" machine-name="48594789-PC" user="48594789" user-domain="48594789-PC" culture="pt-BR" uiculture="en-US" os-architecture="x64" />
    <settings>
      <setting name="DisposeRunners" value="True" />
      <setting name="WorkDirectory" value="C:\samuel\whamess\NunitConsole" />
      <setting name="ImageRuntimeVersion" value="4.0.30319" />
      <setting name="ImageTargetFrameworkName" value=".NETFramework,Version=v4.7.2" />
      <setting name="ImageRequiresX86" value="False" />
      <setting name="ImageRequiresDefaultAppDomainAssemblyResolver" value="False" />
      <setting name="RuntimeFramework" value="net-4.0" />
      <setting name="NumberOfTestWorkers" value="8" />
    </settings>
    <properties>
      <property name="_PID" value="22384" />
      <property name="_APPDOMAIN" value="domain-" />
    </properties>
    <failure>
      <message><![CDATA[One or more child tests had errors]]></message>
    </failure>
    <test-suite type="TestSuite" id="0-1004" name="whamess" fullname="whamess" runstate="Runnable" testcasecount="2" result="Failed" site="Child" start-time="2020-08-01 05:30:46Z" end-time="2020-08-01 05:30:49Z" duration="2.123122" total="1" passed="0" failed="1" warnings="0" inconclusive="0" skipped="0" asserts="0">
      <failure>
        <message><![CDATA[One or more child tests had errors]]></message>
      </failure>
      <test-suite type="TestFixture" id="0-1000" name="SendMessage" fullname="whamess.SendMessage" classname="whamess.SendMessage" runstate="Runnable" testcasecount="2" result="Failed" site="Child" start-time="2020-08-01 05:30:46Z" end-time="2020-08-01 05:30:49Z" duration="2.117141" total="1" passed="0" failed="1" warnings="0" inconclusive="0" skipped="0" asserts="0">
        <failure>
          <message><![CDATA[One or more child tests had errors]]></message>
        </failure>
        <test-case id="0-1002" name="SendViaExcel" fullname="whamess.SendMessage.SendViaExcel" methodname="SendViaExcel" classname="whamess.SendMessage" runstate="Runnable" seed="1197472487" result="Failed" label="Error" start-time="2020-08-01 05:30:46Z" end-time="2020-08-01 05:30:49Z" duration="2.102852" asserts="0">
          <properties>
            <property name="Category" value="SendViaExcel" />
          </properties>
          <failure>
            <message><![CDATA[System.NullReferenceException : Object reference not set to an instance of an object.]]></message>
            <stack-trace><![CDATA[   at whamess.SendMessage.SendViaExcel() in C:\samuel\whamess\whamess\SendMessage.cs:line 75]]></stack-trace>
          </failure>
          <output><![CDATA[Erro: The 'Microsoft.ACE.OLEDB.12.0' provider is not registered on the local machine.
]]></output>
        </test-case>
      </test-suite>
    </test-suite>
  </test-suite>
</test-run>